<?xml version="1.0" encoding="UTF-8"?>
<testng-results ignored="1" total="2" passed="1" failed="0" skipped="0">
  <reporter-output>
  </reporter-output>
  <suite started-at="2019-11-02T09:42:22Z" name="用户管理系统测试套件" finished-at="2019-11-02T09:42:24Z" duration-ms="1472">
    <groups>
      <group name="loginTrue">
        <method signature="LoginTest.loginTrue()[pri:0, instance:com.course.cases.LoginTest@4f83df68]" name="loginTrue" class="com.course.cases.LoginTest"/>
      </group> <!-- loginTrue -->
    </groups>
    <test started-at="2019-11-02T09:42:22Z" name="用户管理系统测试用例" finished-at="2019-11-02T09:42:24Z" duration-ms="1472">
      <class name="com.course.cases.LoginTest">
        <test-method is-config="true" signature="beforeTest()[pri:0, instance:com.course.cases.LoginTest@4f83df68]" started-at="2019-11-02T17:42:22Z" name="beforeTest" description="测试准备工作，获取HttpClient对象" finished-at="2019-11-02T17:42:22Z" duration-ms="84" status="PASS">
          <reporter-output>
          </reporter-output>
        </test-method> <!-- beforeTest -->
        <test-method signature="loginTrue()[pri:0, instance:com.course.cases.LoginTest@4f83df68]" started-at="2019-11-02T17:42:22Z" name="loginTrue" description="用户成功登陆接口" finished-at="2019-11-02T17:42:24Z" duration-ms="1369" status="PASS">
          <reporter-output>
          </reporter-output>
        </test-method> <!-- loginTrue -->
      </class> <!-- com.course.cases.LoginTest -->
    </test> <!-- 用户管理系统测试用例 -->
  </suite> <!-- 用户管理系统测试套件 -->
</testng-results>
